# SYNTAX: ghuser/ghrepo [version], where optional 'version' is:
#   - exact match or name
#   - -N, where N is number - skip N latest versions (-1 - skip first)

## have releases both for x86_64 and aarch64
microsoft/ripgrep-prebuilt # original repo only for x86_64
ajeetdsouza/zoxide
ClementTsang/bottom
Peltoche/lsd
bmatsuo/jqsh
charmbracelet/glow
dandavison/delta
eth-p/bat-extras
gokcehan/lf
jesseduffield/lazydocker
jesseduffield/lazygit
junegunn/fzf
ms-jpq/sad
sharkdp/bat
sharkdp/fd
bootandy/dust
koalaman/shellcheck
aristocratos/btop
FiloSottile/age

## x86 only - use with -I for other arches
phiresky/ripgrep-all
ogham/exa
sayanarijit/xplr # os only, no arch in name
extrawurst/gitui # os only, no arch in name
neovim/neovim v0.7.2

# FIXME: gui apps - should be listed outhere
# vnotex/vnote -1

# FIXME: i dont use them at all
# wfxr/code-minimap

## bash scripts - multiple archives, installer cant deal with
# dylanaraps/fff # source code only

##  bad release urls - only arch, or only os, or another mess
# doronbehar/pistol # single binary, no extra name, no archive
